<?xml version="1.0" encoding="UTF-8"?>
<!-- Generated by org.testng.reporters.JUnitXMLReporter -->
<testsuite ignored="0" hostname="DESKTOP-N7OGPG4" failures="0" tests="5" name="Default test" time="0.122" errors="0" timestamp="2021-10-16T17:49:57 IST">
  <testcase classname="TestStringCalculator" name="negativeInputReturnsException" time="0.014"/>
  <testcase classname="TestStringCalculator" name="returnsValue" time="0.006"/>
  <testcase classname="TestStringCalculator" name="returnsZero" time="0.003"/>
  <testcase classname="TestStringCalculator" name="sumOfNumbers" time="0.005"/>
  <testcase classname="TestStringCalculator" name="twoNumbersNewLineDelimiterReturnSum" time="0.002"/>
</testsuite> <!-- Default test -->
